# JRE version: Java(TM) SE Runtime Environment (8.0_241-b07) (build 1.8.0_241-b07)
# Java VM: Java HotSpot(TM) 64-Bit Server VM (25.241-b07 mixed mode bsd-amd64 compressed oops)
Heap:
 PSYoungGen      total 1044992K, used 723810K [0x000000076ab00000, 0x00000007c0000000, 0x00000007c0000000)
  eden space 715776K, 99% used [0x000000076ab00000,0x00000007965cc088,0x0000000796600000)
  from space 329216K, 2% used [0x0000000796600000,0x0000000796e0c870,0x00000007aa780000)
  to   space 338944K, 0% used [0x00000007ab500000,0x00000007ab500000,0x00000007c0000000)
 ParOldGen       total 610816K, used 298836K [0x00000006c0000000, 0x00000006e5480000, 0x000000076ab00000)
  object space 610816K, 48% used [0x00000006c0000000,0x00000006d23d51e0,0x00000006e5480000)
 Metaspace       used 15162K, capacity 15512K, committed 15744K, reserved 1062912K
  class space    used 1450K, capacity 1570K, committed 1664K, reserved 1048576K
GC Heap History (10 events):
Event: 37.801 GC heap before
{Heap before GC invocations=48 (full 4):
 PSYoungGen      total 1017344K, used 1017245K [0x000000076ab00000, 0x00000007c0000000, 0x00000007c0000000)
  eden space 771072K, 100% used [0x000000076ab00000,0x0000000799c00000,0x0000000799c00000)
  from space 246272K, 99% used [0x0000000799c00000,0x00000007a8c67570,0x00000007a8c80000)
  to   space 332800K, 0% used [0x00000007abb00000,0x00000007abb00000,0x00000007c0000000)
 ParOldGen       total 361472K, used 182189K [0x00000006c0000000, 0x00000006d6100000, 0x000000076ab00000)
  object space 361472K, 50% used [0x00000006c0000000,0x00000006cb1eb618,0x00000006d6100000)
 Metaspace       used 15157K, capacity 15512K, committed 15744K, reserved 1062912K
  class space    used 1450K, capacity 1570K, committed 1664K, reserved 1048576K
Event: 37.902 GC heap after
Heap after GC invocations=48 (full 4):
 PSYoungGen      total 1038336K, used 241871K [0x000000076ab00000, 0x00000007c0000000, 0x00000007c0000000)
  eden space 705536K, 0% used [0x000000076ab00000,0x000000076ab00000,0x0000000795c00000)
  from space 332800K, 72% used [0x00000007abb00000,0x00000007ba733c80,0x00000007c0000000)
  to   space 346112K, 0% used [0x0000000795c00000,0x0000000795c00000,0x00000007aae00000)
 ParOldGen       total 361472K, used 182501K [0x00000006c0000000, 0x00000006d6100000, 0x000000076ab00000)
  object space 361472K, 50% used [0x00000006c0000000,0x00000006cb239618,0x00000006d6100000)
 Metaspace       used 15157K, capacity 15512K, committed 15744K, reserved 1062912K
  class space    used 1450K, capacity 1570K, committed 1664K, reserved 1048576K
}
Event: 38.000 GC heap before
{Heap before GC invocations=49 (full 4):
 PSYoungGen      total 1038336K, used 947407K [0x000000076ab00000, 0x00000007c0000000, 0x00000007c0000000)
  eden space 705536K, 100% used [0x000000076ab00000,0x0000000795c00000,0x0000000795c00000)
  from space 332800K, 72% used [0x00000007abb00000,0x00000007ba733c80,0x00000007c0000000)
  to   space 346112K, 0% used [0x0000000795c00000,0x0000000795c00000,0x00000007aae00000)
 ParOldGen       total 361472K, used 182501K [0x00000006c0000000, 0x00000006d6100000, 0x000000076ab00000)
  object space 361472K, 50% used [0x00000006c0000000,0x00000006cb239618,0x00000006d6100000)
 Metaspace       used 15159K, capacity 15512K, committed 15744K, reserved 1062912K
  class space    used 1450K, capacity 1570K, committed 1664K, reserved 1048576K
Event: 38.109 GC heap after
Heap after GC invocations=49 (full 4):
 PSYoungGen      total 1051648K, used 188879K [0x000000076ab00000, 0x00000007bf900000, 0x00000007c0000000)
  eden space 705536K, 0% used [0x000000076ab00000,0x000000076ab00000,0x0000000795c00000)
  from space 346112K, 54% used [0x0000000795c00000,0x00000007a1473e20,0x00000007aae00000)
  to   space 335872K, 0% used [0x00000007ab100000,0x00000007ab100000,0x00000007bf900000)
 ParOldGen       total 361472K, used 232170K [0x00000006c0000000, 0x00000006d6100000, 0x000000076ab00000)
  object space 361472K, 64% used [0x00000006c0000000,0x00000006ce2baa40,0x00000006d6100000)
 Metaspace       used 15159K, capacity 15512K, committed 15744K, reserved 1062912K
  class space    used 1450K, capacity 1570K, committed 1664K, reserved 1048576K
}
Event: 38.203 GC heap before
{Heap before GC invocations=50 (full 4):
 PSYoungGen      total 1051648K, used 894415K [0x000000076ab00000, 0x00000007bf900000, 0x00000007c0000000)
  eden space 705536K, 100% used [0x000000076ab00000,0x0000000795c00000,0x0000000795c00000)
  from space 346112K, 54% used [0x0000000795c00000,0x00000007a1473e20,0x00000007aae00000)
  to   space 335872K, 0% used [0x00000007ab100000,0x00000007ab100000,0x00000007bf900000)
 ParOldGen       total 361472K, used 232170K [0x00000006c0000000, 0x00000006d6100000, 0x000000076ab00000)
  object space 361472K, 64% used [0x00000006c0000000,0x00000006ce2baa40,0x00000006d6100000)
 Metaspace       used 15162K, capacity 15512K, committed 15744K, reserved 1062912K
  class space    used 1450K, capacity 1570K, committed 1664K, reserved 1048576K
Event: 38.317 GC heap after
Heap after GC invocations=50 (full 4):
 PSYoungGen      total 1035264K, used 113324K [0x000000076ab00000, 0x00000007be900000, 0x00000007c0000000)
  eden space 715776K, 0% used [0x000000076ab00000,0x000000076ab00000,0x0000000796600000)
  from space 319488K, 35% used [0x00000007ab100000,0x00000007b1fab178,0x00000007be900000)
  to   space 329216K, 0% used [0x0000000796600000,0x0000000796600000,0x00000007aa780000)
 ParOldGen       total 361472K, used 314142K [0x00000006c0000000, 0x00000006d6100000, 0x000000076ab00000)
  object space 361472K, 86% used [0x00000006c0000000,0x00000006d32c7b20,0x00000006d6100000)
 Metaspace       used 15162K, capacity 15512K, committed 15744K, reserved 1062912K
  class space    used 1450K, capacity 1570K, committed 1664K, reserved 1048576K
}
Event: 38.317 GC heap before
{Heap before GC invocations=51 (full 5):
 PSYoungGen      total 1035264K, used 113324K [0x000000076ab00000, 0x00000007be900000, 0x00000007c0000000)
  eden space 715776K, 0% used [0x000000076ab00000,0x000000076ab00000,0x0000000796600000)
  from space 319488K, 35% used [0x00000007ab100000,0x00000007b1fab178,0x00000007be900000)
  to   space 329216K, 0% used [0x0000000796600000,0x0000000796600000,0x00000007aa780000)
 ParOldGen       total 361472K, used 314142K [0x00000006c0000000, 0x00000006d6100000, 0x000000076ab00000)
  object space 361472K, 86% used [0x00000006c0000000,0x00000006d32c7b20,0x00000006d6100000)
 Metaspace       used 15162K, capacity 15512K, committed 15744K, reserved 1062912K
  class space    used 1450K, capacity 1570K, committed 1664K, reserved 1048576K
Event: 38.829 GC heap after
Heap after GC invocations=51 (full 5):
 PSYoungGen      total 1035264K, used 0K [0x000000076ab00000, 0x00000007be900000, 0x00000007c0000000)
  eden space 715776K, 0% used [0x000000076ab00000,0x000000076ab00000,0x0000000796600000)
  from space 319488K, 0% used [0x00000007ab100000,0x00000007ab100000,0x00000007be900000)
  to   space 329216K, 0% used [0x0000000796600000,0x0000000796600000,0x00000007aa780000)
 ParOldGen       total 610816K, used 298836K [0x00000006c0000000, 0x00000006e5480000, 0x000000076ab00000)
  object space 610816K, 48% used [0x00000006c0000000,0x00000006d23d51e0,0x00000006e5480000)
 Metaspace       used 15162K, capacity 15512K, committed 15744K, reserved 1062912K
  class space    used 1450K, capacity 1570K, committed 1664K, reserved 1048576K
}
Event: 38.936 GC heap before
{Heap before GC invocations=52 (full 5):
 PSYoungGen      total 1035264K, used 715776K [0x000000076ab00000, 0x00000007be900000, 0x00000007c0000000)
  eden space 715776K, 100% used [0x000000076ab00000,0x0000000796600000,0x0000000796600000)
  from space 319488K, 0% used [0x00000007ab100000,0x00000007ab100000,0x00000007be900000)
  to   space 329216K, 0% used [0x0000000796600000,0x0000000796600000,0x00000007aa780000)
 ParOldGen       total 610816K, used 298836K [0x00000006c0000000, 0x00000006e5480000, 0x000000076ab00000)
  object space 610816K, 48% used [0x00000006c0000000,0x00000006d23d51e0,0x00000006e5480000)
 Metaspace       used 15162K, capacity 15512K, committed 15744K, reserved 1062912K
  class space    used 1450K, capacity 1570K, committed 1664K, reserved 1048576K
Event: 38.971 GC heap after
Heap after GC invocations=52 (full 5):
 PSYoungGen      total 1044992K, used 8242K [0x000000076ab00000, 0x00000007c0000000, 0x00000007c0000000)
  eden space 715776K, 0% used [0x000000076ab00000,0x000000076ab00000,0x0000000796600000)
  from space 329216K, 2% used [0x0000000796600000,0x0000000796e0c870,0x00000007aa780000)
  to   space 338944K, 0% used [0x00000007ab500000,0x00000007ab500000,0x00000007c0000000)
 ParOldGen       total 610816K, used 298836K [0x00000006c0000000, 0x00000006e5480000, 0x000000076ab00000)
  object space 610816K, 48% used [0x00000006c0000000,0x00000006d23d51e0,0x00000006e5480000)
 Metaspace       used 15162K, capacity 15512K, committed 15744K, reserved 1062912K
  class space    used 1450K, capacity 1570K, committed 1664K, reserved 1048576K
}

