# JRE version: Java(TM) SE Runtime Environment (8.0_221-b11) (build 1.8.0_221-b11)
# Java VM: Java HotSpot(TM) 64-Bit Server VM (25.221-b11 mixed mode windows-amd64 compressed oops)
Heap:
 PSYoungGen      total 938496K, used 358081K [0x000000076b980000, 0x00000007c0000000, 0x00000007c0000000)
  eden space 832000K, 30% used [0x000000076b980000,0x000000077af5c758,0x000000079e600000)
  from space 106496K, 99% used [0x000000079e600000,0x00000007a4dd3d00,0x00000007a4e00000)
  to   space 278528K, 0% used [0x00000007af000000,0x00000007af000000,0x00000007c0000000)
 ParOldGen       total 1966592K, used 1703558K [0x00000006c2c00000, 0x000000073ac80000, 0x000000076b980000)
  object space 1966592K, 86% used [0x00000006c2c00000,0x000000072aba1af8,0x000000073ac80000)
 Metaspace       used 7896K, capacity 8136K, committed 8320K, reserved 1056768K
  class space    used 821K, capacity 886K, committed 896K, reserved 1048576K
GC Heap History (10 events):
Event: 38.639 GC heap before
{Heap before GC invocations=37 (full 6):
 PSYoungGen      total 1067008K, used 1001410K [0x000000076b980000, 0x00000007bd980000, 0x00000007c0000000)
  eden space 796672K, 100% used [0x000000076b980000,0x000000079c380000,0x000000079c380000)
  from space 270336K, 75% used [0x00000007ad180000,0x00000007b9970b40,0x00000007bd980000)
  to   space 273408K, 0% used [0x000000079c380000,0x000000079c380000,0x00000007ace80000)
 ParOldGen       total 1966592K, used 1605192K [0x00000006c2c00000, 0x000000073ac80000, 0x000000076b980000)
  object space 1966592K, 81% used [0x00000006c2c00000,0x0000000724b92118,0x000000073ac80000)
 Metaspace       used 7896K, capacity 8136K, committed 8320K, reserved 1056768K
  class space    used 821K, capacity 886K, committed 896K, reserved 1048576K
Event: 38.696 GC heap after
Heap after GC invocations=37 (full 6):
 PSYoungGen      total 1070080K, used 204528K [0x000000076b980000, 0x00000007c0000000, 0x00000007c0000000)
  eden space 796672K, 0% used [0x000000076b980000,0x000000076b980000,0x000000079c380000)
  from space 273408K, 74% used [0x000000079c380000,0x00000007a8b3c268,0x00000007ace80000)
  to   space 274944K, 0% used [0x00000007af380000,0x00000007af380000,0x00000007c0000000)
 ParOldGen       total 1966592K, used 1605200K [0x00000006c2c00000, 0x000000073ac80000, 0x000000076b980000)
  object space 1966592K, 81% used [0x00000006c2c00000,0x0000000724b94118,0x000000073ac80000)
 Metaspace       used 7896K, capacity 8136K, committed 8320K, reserved 1056768K
  class space    used 821K, capacity 886K, committed 896K, reserved 1048576K
}
Event: 39.212 GC heap before
{Heap before GC invocations=38 (full 6):
 PSYoungGen      total 1070080K, used 1001200K [0x000000076b980000, 0x00000007c0000000, 0x00000007c0000000)
  eden space 796672K, 100% used [0x000000076b980000,0x000000079c380000,0x000000079c380000)
  from space 273408K, 74% used [0x000000079c380000,0x00000007a8b3c268,0x00000007ace80000)
  to   space 274944K, 0% used [0x00000007af380000,0x00000007af380000,0x00000007c0000000)
 ParOldGen       total 1966592K, used 1605200K [0x00000006c2c00000, 0x000000073ac80000, 0x000000076b980000)
  object space 1966592K, 81% used [0x00000006c2c00000,0x0000000724b94118,0x000000073ac80000)
 Metaspace       used 7896K, capacity 8136K, committed 8320K, reserved 1056768K
  class space    used 821K, capacity 886K, committed 896K, reserved 1048576K
Event: 39.262 GC heap after
Heap after GC invocations=38 (full 6):
 PSYoungGen      total 1106944K, used 204559K [0x000000076b980000, 0x00000007c0000000, 0x00000007c0000000)
  eden space 832000K, 0% used [0x000000076b980000,0x000000076b980000,0x000000079e600000)
  from space 274944K, 74% used [0x00000007af380000,0x00000007bbb43d88,0x00000007c0000000)
  to   space 275456K, 0% used [0x000000079e600000,0x000000079e600000,0x00000007af300000)
 ParOldGen       total 1966592K, used 1605200K [0x00000006c2c00000, 0x000000073ac80000, 0x000000076b980000)
  object space 1966592K, 81% used [0x00000006c2c00000,0x0000000724b94118,0x000000073ac80000)
 Metaspace       used 7896K, capacity 8136K, committed 8320K, reserved 1056768K
  class space    used 821K, capacity 886K, committed 896K, reserved 1048576K
}
Event: 39.753 GC heap before
{Heap before GC invocations=39 (full 6):
 PSYoungGen      total 1106944K, used 1036559K [0x000000076b980000, 0x00000007c0000000, 0x00000007c0000000)
  eden space 832000K, 100% used [0x000000076b980000,0x000000079e600000,0x000000079e600000)
  from space 274944K, 74% used [0x00000007af380000,0x00000007bbb43d88,0x00000007c0000000)
  to   space 275456K, 0% used [0x000000079e600000,0x000000079e600000,0x00000007af300000)
 ParOldGen       total 1966592K, used 1605200K [0x00000006c2c00000, 0x000000073ac80000, 0x000000076b980000)
  object space 1966592K, 81% used [0x00000006c2c00000,0x0000000724b94118,0x000000073ac80000)
 Metaspace       used 7896K, capacity 8136K, committed 8320K, reserved 1056768K
  class space    used 821K, capacity 886K, committed 896K, reserved 1048576K
Event: 39.803 GC heap after
Heap after GC invocations=39 (full 6):
 PSYoungGen      total 1107456K, used 204611K [0x000000076b980000, 0x00000007c0000000, 0x00000007c0000000)
  eden space 832000K, 0% used [0x000000076b980000,0x000000076b980000,0x000000079e600000)
  from space 275456K, 74% used [0x000000079e600000,0x00000007aadd0e20,0x00000007af300000)
  to   space 275456K, 0% used [0x00000007af300000,0x00000007af300000,0x00000007c0000000)
 ParOldGen       total 1966592K, used 1605200K [0x00000006c2c00000, 0x000000073ac80000, 0x000000076b980000)
  object space 1966592K, 81% used [0x00000006c2c00000,0x0000000724b94118,0x000000073ac80000)
 Metaspace       used 7896K, capacity 8136K, committed 8320K, reserved 1056768K
  class space    used 821K, capacity 886K, committed 896K, reserved 1048576K
}
Event: 40.310 GC heap before
{Heap before GC invocations=40 (full 6):
 PSYoungGen      total 1107456K, used 1036611K [0x000000076b980000, 0x00000007c0000000, 0x00000007c0000000)
  eden space 832000K, 100% used [0x000000076b980000,0x000000079e600000,0x000000079e600000)
  from space 275456K, 74% used [0x000000079e600000,0x00000007aadd0e20,0x00000007af300000)
  to   space 275456K, 0% used [0x00000007af300000,0x00000007af300000,0x00000007c0000000)
 ParOldGen       total 1966592K, used 1605200K [0x00000006c2c00000, 0x000000073ac80000, 0x000000076b980000)
  object space 1966592K, 81% used [0x00000006c2c00000,0x0000000724b94118,0x000000073ac80000)
 Metaspace       used 7896K, capacity 8136K, committed 8320K, reserved 1056768K
  class space    used 821K, capacity 886K, committed 896K, reserved 1048576K
Event: 40.369 GC heap after
Heap after GC invocations=40 (full 6):
 PSYoungGen      total 1105408K, used 204693K [0x000000076b980000, 0x00000007bfe00000, 0x00000007c0000000)
  eden space 832000K, 0% used [0x000000076b980000,0x000000076b980000,0x000000079e600000)
  from space 273408K, 74% used [0x00000007af300000,0x00000007bbae56d8,0x00000007bfe00000)
  to   space 274432K, 0% used [0x000000079e600000,0x000000079e600000,0x00000007af200000)
 ParOldGen       total 1966592K, used 1605200K [0x00000006c2c00000, 0x000000073ac80000, 0x000000076b980000)
  object space 1966592K, 81% used [0x00000006c2c00000,0x0000000724b94118,0x000000073ac80000)
 Metaspace       used 7896K, capacity 8136K, committed 8320K, reserved 1056768K
  class space    used 821K, capacity 886K, committed 896K, reserved 1048576K
}
Event: 40.854 GC heap before
{Heap before GC invocations=41 (full 6):
 PSYoungGen      total 1105408K, used 1036693K [0x000000076b980000, 0x00000007bfe00000, 0x00000007c0000000)
  eden space 832000K, 100% used [0x000000076b980000,0x000000079e600000,0x000000079e600000)
  from space 273408K, 74% used [0x00000007af300000,0x00000007bbae56d8,0x00000007bfe00000)
  to   space 274432K, 0% used [0x000000079e600000,0x000000079e600000,0x00000007af200000)
 ParOldGen       total 1966592K, used 1605200K [0x00000006c2c00000, 0x000000073ac80000, 0x000000076b980000)
  object space 1966592K, 81% used [0x00000006c2c00000,0x0000000724b94118,0x000000073ac80000)
 Metaspace       used 7896K, capacity 8136K, committed 8320K, reserved 1056768K
  class space    used 821K, capacity 886K, committed 896K, reserved 1048576K
Event: 40.932 GC heap after
Heap after GC invocations=41 (full 6):
 PSYoungGen      total 938496K, used 106319K [0x000000076b980000, 0x00000007c0000000, 0x00000007c0000000)
  eden space 832000K, 0% used [0x000000076b980000,0x000000076b980000,0x000000079e600000)
  from space 106496K, 99% used [0x000000079e600000,0x00000007a4dd3d00,0x00000007a4e00000)
  to   space 278528K, 0% used [0x00000007af000000,0x00000007af000000,0x00000007c0000000)
 ParOldGen       total 1966592K, used 1703558K [0x00000006c2c00000, 0x000000073ac80000, 0x000000076b980000)
  object space 1966592K, 86% used [0x00000006c2c00000,0x000000072aba1af8,0x000000073ac80000)
 Metaspace       used 7896K, capacity 8136K, committed 8320K, reserved 1056768K
  class space    used 821K, capacity 886K, committed 896K, reserved 1048576K
}

