# JRE version: Java(TM) SE Runtime Environment (8.0_221-b11) (build 1.8.0_221-b11)
# Java VM: Java HotSpot(TM) 64-Bit Server VM (25.221-b11 mixed mode windows-amd64 compressed oops)
Heap:
 PSYoungGen      total 840192K, used 676548K [0x000000076b980000, 0x00000007a1a80000, 0x00000007c0000000)
  eden space 820736K, 80% used [0x000000076b980000,0x0000000793b34730,0x000000079db00000)
  from space 19456K, 99% used [0x000000079f680000,0x00000007a097cae8,0x00000007a0980000)
  to   space 28160K, 0% used [0x000000079db00000,0x000000079db00000,0x000000079f680000)
 ParOldGen       total 173568K, used 35497K [0x00000006c2c00000, 0x00000006cd580000, 0x000000076b980000)
  object space 173568K, 20% used [0x00000006c2c00000,0x00000006c4eaa7d0,0x00000006cd580000)
 Metaspace       used 14237K, capacity 14548K, committed 14720K, reserved 1062912K
  class space    used 1435K, capacity 1544K, committed 1664K, reserved 1048576K
GC Heap History (10 events):
Event: 2.920 GC heap before
{Heap before GC invocations=6 (full 0):
 PSYoungGen      total 140800K, used 140793K [0x000000076b980000, 0x000000077d680000, 0x00000007c0000000)
  eden space 130048K, 100% used [0x000000076b980000,0x0000000773880000,0x0000000773880000)
  from space 10752K, 99% used [0x0000000773880000,0x00000007742fe4e0,0x0000000774300000)
  to   space 15872K, 0% used [0x000000077c700000,0x000000077c700000,0x000000077d680000)
 ParOldGen       total 173568K, used 5690K [0x00000006c2c00000, 0x00000006cd580000, 0x000000076b980000)
  object space 173568K, 3% used [0x00000006c2c00000,0x00000006c318e8e8,0x00000006cd580000)
 Metaspace       used 12099K, capacity 12320K, committed 12416K, reserved 1060864K
  class space    used 1310K, capacity 1404K, committed 1408K, reserved 1048576K
Event: 2.926 GC heap after
Heap after GC invocations=6 (full 0):
 PSYoungGen      total 274944K, used 13640K [0x000000076b980000, 0x000000077d880000, 0x00000007c0000000)
  eden space 259072K, 0% used [0x000000076b980000,0x000000076b980000,0x000000077b680000)
  from space 15872K, 85% used [0x000000077c700000,0x000000077d452120,0x000000077d680000)
  to   space 16896K, 0% used [0x000000077b680000,0x000000077b680000,0x000000077c700000)
 ParOldGen       total 173568K, used 5698K [0x00000006c2c00000, 0x00000006cd580000, 0x000000076b980000)
  object space 173568K, 3% used [0x00000006c2c00000,0x00000006c31908e8,0x00000006cd580000)
 Metaspace       used 12099K, capacity 12320K, committed 12416K, reserved 1060864K
  class space    used 1310K, capacity 1404K, committed 1408K, reserved 1048576K
}
Event: 3.476 GC heap before
{Heap before GC invocations=7 (full 0):
 PSYoungGen      total 274944K, used 272712K [0x000000076b980000, 0x000000077d880000, 0x00000007c0000000)
  eden space 259072K, 100% used [0x000000076b980000,0x000000077b680000,0x000000077b680000)
  from space 15872K, 85% used [0x000000077c700000,0x000000077d452120,0x000000077d680000)
  to   space 16896K, 0% used [0x000000077b680000,0x000000077b680000,0x000000077c700000)
 ParOldGen       total 173568K, used 5698K [0x00000006c2c00000, 0x00000006cd580000, 0x000000076b980000)
  object space 173568K, 3% used [0x00000006c2c00000,0x00000006c31908e8,0x00000006cd580000)
 Metaspace       used 12752K, capacity 13038K, committed 13312K, reserved 1060864K
  class space    used 1356K, capacity 1447K, committed 1536K, reserved 1048576K
Event: 3.485 GC heap after
Heap after GC invocations=7 (full 0):
 PSYoungGen      total 275968K, used 14507K [0x000000076b980000, 0x000000078d680000, 0x00000007c0000000)
  eden space 259072K, 0% used [0x000000076b980000,0x000000076b980000,0x000000077b680000)
  from space 16896K, 85% used [0x000000077b680000,0x000000077c4aafb8,0x000000077c700000)
  to   space 17920K, 0% used [0x000000078c500000,0x000000078c500000,0x000000078d680000)
 ParOldGen       total 173568K, used 9273K [0x00000006c2c00000, 0x00000006cd580000, 0x000000076b980000)
  object space 173568K, 5% used [0x00000006c2c00000,0x00000006c350e4a0,0x00000006cd580000)
 Metaspace       used 12752K, capacity 13038K, committed 13312K, reserved 1060864K
  class space    used 1356K, capacity 1447K, committed 1536K, reserved 1048576K
}
Event: 3.490 GC heap before
{Heap before GC invocations=8 (full 0):
 PSYoungGen      total 275968K, used 273579K [0x000000076b980000, 0x000000078d680000, 0x00000007c0000000)
  eden space 259072K, 100% used [0x000000076b980000,0x000000077b680000,0x000000077b680000)
  from space 16896K, 85% used [0x000000077b680000,0x000000077c4aafb8,0x000000077c700000)
  to   space 17920K, 0% used [0x000000078c500000,0x000000078c500000,0x000000078d680000)
 ParOldGen       total 173568K, used 9273K [0x00000006c2c00000, 0x00000006cd580000, 0x000000076b980000)
  object space 173568K, 5% used [0x00000006c2c00000,0x00000006c350e4a0,0x00000006cd580000)
 Metaspace       used 12798K, capacity 13038K, committed 13312K, reserved 1060864K
  class space    used 1356K, capacity 1447K, committed 1536K, reserved 1048576K
Event: 3.495 GC heap after
Heap after GC invocations=8 (full 0):
 PSYoungGen      total 536064K, used 13396K [0x000000076b980000, 0x000000078d680000, 0x00000007c0000000)
  eden space 518144K, 0% used [0x000000076b980000,0x000000076b980000,0x000000078b380000)
  from space 17920K, 74% used [0x000000078c500000,0x000000078d215288,0x000000078d680000)
  to   space 17920K, 0% used [0x000000078b380000,0x000000078b380000,0x000000078c500000)
 ParOldGen       total 173568K, used 11917K [0x00000006c2c00000, 0x00000006cd580000, 0x000000076b980000)
  object space 173568K, 6% used [0x00000006c2c00000,0x00000006c37a3620,0x00000006cd580000)
 Metaspace       used 12798K, capacity 13038K, committed 13312K, reserved 1060864K
  class space    used 1356K, capacity 1447K, committed 1536K, reserved 1048576K
}
Event: 3.611 GC heap before
{Heap before GC invocations=9 (full 0):
 PSYoungGen      total 536064K, used 531540K [0x000000076b980000, 0x000000078d680000, 0x00000007c0000000)
  eden space 518144K, 100% used [0x000000076b980000,0x000000078b380000,0x000000078b380000)
  from space 17920K, 74% used [0x000000078c500000,0x000000078d215288,0x000000078d680000)
  to   space 17920K, 0% used [0x000000078b380000,0x000000078b380000,0x000000078c500000)
 ParOldGen       total 173568K, used 11917K [0x00000006c2c00000, 0x00000006cd580000, 0x000000076b980000)
  object space 173568K, 6% used [0x00000006c2c00000,0x00000006c37a3620,0x00000006cd580000)
 Metaspace       used 13023K, capacity 13294K, committed 13568K, reserved 1060864K
  class space    used 1361K, capacity 1447K, committed 1536K, reserved 1048576K
Event: 3.619 GC heap after
Heap after GC invocations=9 (full 0):
 PSYoungGen      total 536064K, used 17845K [0x000000076b980000, 0x00000007a0980000, 0x00000007c0000000)
  eden space 518144K, 0% used [0x000000076b980000,0x000000076b980000,0x000000078b380000)
  from space 17920K, 99% used [0x000000078b380000,0x000000078c4ed438,0x000000078c500000)
  to   space 19456K, 0% used [0x000000079f680000,0x000000079f680000,0x00000007a0980000)
 ParOldGen       total 173568K, used 16833K [0x00000006c2c00000, 0x00000006cd580000, 0x000000076b980000)
  object space 173568K, 9% used [0x00000006c2c00000,0x00000006c3c70520,0x00000006cd580000)
 Metaspace       used 13023K, capacity 13294K, committed 13568K, reserved 1060864K
  class space    used 1361K, capacity 1447K, committed 1536K, reserved 1048576K
}
Event: 3.891 GC heap before
{Heap before GC invocations=10 (full 0):
 PSYoungGen      total 536064K, used 535989K [0x000000076b980000, 0x00000007a0980000, 0x00000007c0000000)
  eden space 518144K, 100% used [0x000000076b980000,0x000000078b380000,0x000000078b380000)
  from space 17920K, 99% used [0x000000078b380000,0x000000078c4ed438,0x000000078c500000)
  to   space 19456K, 0% used [0x000000079f680000,0x000000079f680000,0x00000007a0980000)
 ParOldGen       total 173568K, used 16833K [0x00000006c2c00000, 0x00000006cd580000, 0x000000076b980000)
  object space 173568K, 9% used [0x00000006c2c00000,0x00000006c3c70520,0x00000006cd580000)
 Metaspace       used 13327K, capacity 13550K, committed 13824K, reserved 1060864K
  class space    used 1361K, capacity 1447K, committed 1536K, reserved 1048576K
Event: 3.910 GC heap after
Heap after GC invocations=10 (full 0):
 PSYoungGen      total 840192K, used 19442K [0x000000076b980000, 0x00000007a1a80000, 0x00000007c0000000)
  eden space 820736K, 0% used [0x000000076b980000,0x000000076b980000,0x000000079db00000)
  from space 19456K, 99% used [0x000000079f680000,0x00000007a097cae8,0x00000007a0980000)
  to   space 28160K, 0% used [0x000000079db00000,0x000000079db00000,0x000000079f680000)
 ParOldGen       total 173568K, used 35497K [0x00000006c2c00000, 0x00000006cd580000, 0x000000076b980000)
  object space 173568K, 20% used [0x00000006c2c00000,0x00000006c4eaa7d0,0x00000006cd580000)
 Metaspace       used 13327K, capacity 13550K, committed 13824K, reserved 1060864K
  class space    used 1361K, capacity 1447K, committed 1536K, reserved 1048576K
}

